<?xml version="1.0" encoding="UTF-8"?>
<Site BuildName="Win32-MSBuild"
	BuildStamp="20231109-1953-Experimental"
	Name="DESKTOP-6USLBEU"
	Generator="ctest-3.27.7"
	CompilerName="C:/Program Files/Microsoft Visual Studio/2022/Community/VC/Tools/MSVC/14.37.32822/bin/Hostx64/x64/cl.exe"
	CompilerVersion="19.37.32824.0"
	OSName="Windows"
	Hostname="DESKTOP-6USLBEU"
	OSRelease=" Personal"
	OSVersion=" (Build 19045)"
	OSPlatform="AMD64"
	Is64Bits="1"
	VendorString="GenuineIntel"
	VendorID="Intel Corporation"
	FamilyID="6"
	ModelID="14"
	ProcessorCacheSize="-1"
	NumberOfLogicalCPU="8"
	NumberOfPhysicalCPU="4"
	TotalVirtualMemory="21948"
	TotalPhysicalMemory="7977"
	LogicalProcessorsPerPhysical="2"
	ProcessorClockFrequency="1190"
	>
	<Testing>
		<StartDateTime>Nov 09 11:53 Pacific Standard Time</StartDateTime>
		<StartTestTime>1699559603</StartTestTime>
		<TestList/>
		<EndDateTime>Nov 09 11:53 Pacific Standard Time</EndDateTime>
		<EndTestTime>1699559603</EndTestTime>
		<ElapsedMinutes>0</ElapsedMinutes>
	</Testing>
</Site>
